mode: atomic
github.com/theryecatcher/chirper/web/errors.go:12.44,14.2 1 0
github.com/theryecatcher/chirper/web/login.go:17.86,27.2 4 0
github.com/theryecatcher/chirper/web/login.go:30.87,35.90 2 0
github.com/theryecatcher/chirper/web/login.go:43.2,54.16 5 0
github.com/theryecatcher/chirper/web/login.go:85.2,85.24 1 0
github.com/theryecatcher/chirper/web/login.go:35.90,40.3 4 0
github.com/theryecatcher/chirper/web/login.go:54.16,55.71 1 0
github.com/theryecatcher/chirper/web/login.go:55.71,59.4 3 0
github.com/theryecatcher/chirper/web/login.go:59.9,64.4 3 0
github.com/theryecatcher/chirper/web/login.go:65.8,65.31 1 0
github.com/theryecatcher/chirper/web/login.go:65.31,73.17 7 0
github.com/theryecatcher/chirper/web/login.go:76.3,78.9 3 0
github.com/theryecatcher/chirper/web/login.go:73.17,75.4 1 0
github.com/theryecatcher/chirper/web/login.go:79.8,82.3 2 0
github.com/theryecatcher/chirper/web/login.go:89.87,94.30 2 0
github.com/theryecatcher/chirper/web/login.go:100.2,100.44 1 0
github.com/theryecatcher/chirper/web/login.go:94.30,98.3 3 0
github.com/theryecatcher/chirper/web/register.go:16.89,26.2 4 0
github.com/theryecatcher/chirper/web/register.go:29.90,34.117 2 0
github.com/theryecatcher/chirper/web/register.go:42.2,53.70 6 0
github.com/theryecatcher/chirper/web/register.go:85.2,85.27 1 0
github.com/theryecatcher/chirper/web/register.go:34.117,39.3 4 0
github.com/theryecatcher/chirper/web/register.go:53.70,65.16 6 0
github.com/theryecatcher/chirper/web/register.go:65.16,69.4 3 0
github.com/theryecatcher/chirper/web/register.go:69.9,74.4 4 0
github.com/theryecatcher/chirper/web/register.go:75.8,75.23 1 0
github.com/theryecatcher/chirper/web/register.go:75.23,79.3 3 0
github.com/theryecatcher/chirper/web/register.go:79.8,82.3 2 0
github.com/theryecatcher/chirper/web/static.go:10.84,13.2 1 0
github.com/theryecatcher/chirper/web/tweets.go:18.87,28.19 5 0
github.com/theryecatcher/chirper/web/tweets.go:32.2,39.19 5 0
github.com/theryecatcher/chirper/web/tweets.go:44.2,47.21 2 0
github.com/theryecatcher/chirper/web/tweets.go:52.2,52.38 1 0
github.com/theryecatcher/chirper/web/tweets.go:65.2,70.13 6 0
github.com/theryecatcher/chirper/web/tweets.go:28.19,30.3 1 0
github.com/theryecatcher/chirper/web/tweets.go:39.19,42.3 2 0
github.com/theryecatcher/chirper/web/tweets.go:47.21,49.3 1 0
github.com/theryecatcher/chirper/web/tweets.go:52.38,56.17 2 0
github.com/theryecatcher/chirper/web/tweets.go:56.17,59.4 2 0
github.com/theryecatcher/chirper/web/tweets.go:59.9,61.4 1 0
github.com/theryecatcher/chirper/web/tweets.go:74.93,82.2 3 0
github.com/theryecatcher/chirper/web/tweets.go:85.94,90.78 2 0
github.com/theryecatcher/chirper/web/tweets.go:98.2,108.16 4 0
github.com/theryecatcher/chirper/web/tweets.go:120.2,120.31 1 0
github.com/theryecatcher/chirper/web/tweets.go:90.78,95.3 4 0
github.com/theryecatcher/chirper/web/tweets.go:108.16,112.3 3 0
github.com/theryecatcher/chirper/web/tweets.go:112.8,117.3 4 0
github.com/theryecatcher/chirper/web/about.go:11.86,16.2 3 0
github.com/theryecatcher/chirper/web/follow.go:17.88,32.16 5 0
github.com/theryecatcher/chirper/web/follow.go:41.2,42.8 2 0
github.com/theryecatcher/chirper/web/follow.go:32.16,36.3 3 0
github.com/theryecatcher/chirper/web/follow.go:36.8,39.3 2 0
github.com/theryecatcher/chirper/web/index.go:16.83,21.33 3 0
github.com/theryecatcher/chirper/web/index.go:21.33,27.3 4 0
github.com/theryecatcher/chirper/web/index.go:27.8,33.3 4 0
github.com/theryecatcher/chirper/web/web.go:22.37,28.16 4 1
github.com/theryecatcher/chirper/web/web.go:35.2,36.16 2 1
github.com/theryecatcher/chirper/web/web.go:42.2,72.16 16 1
github.com/theryecatcher/chirper/web/web.go:28.16,30.3 1 0
github.com/theryecatcher/chirper/web/web.go:36.16,38.3 1 0
github.com/theryecatcher/chirper/web/web.go:75.29,80.2 1 0
github.com/theryecatcher/chirper/web/web.go:82.51,84.2 1 0
github.com/theryecatcher/chirper/web/contentd/contentd.go:11.42,15.2 1 2
github.com/theryecatcher/chirper/web/contentd/getTweet.go:10.123,17.2 3 0
github.com/theryecatcher/chirper/web/contentd/getTweetsByUser.go:10.144,17.2 3 2
github.com/theryecatcher/chirper/web/contentd/newTweet.go:11.123,21.2 3 1001
github.com/theryecatcher/chirper/web/contentd/storage/util.go:24.38,29.2 1 3
github.com/theryecatcher/chirper/web/contentd/storage/util.go:32.89,35.12 2 2001
github.com/theryecatcher/chirper/web/contentd/storage/util.go:62.2,62.9 1 2001
github.com/theryecatcher/chirper/web/contentd/storage/util.go:35.12,39.40 3 2001
github.com/theryecatcher/chirper/web/contentd/storage/util.go:43.3,44.7 2 2001
github.com/theryecatcher/chirper/web/contentd/storage/util.go:52.3,58.14 2 2001
github.com/theryecatcher/chirper/web/contentd/storage/util.go:39.40,41.4 1 3
github.com/theryecatcher/chirper/web/contentd/storage/util.go:44.7,45.60 1 2001
github.com/theryecatcher/chirper/web/contentd/storage/util.go:45.60,47.5 1 0
github.com/theryecatcher/chirper/web/contentd/storage/util.go:47.10,48.10 1 2001
github.com/theryecatcher/chirper/web/contentd/storage/util.go:63.14,64.13 1 2000
github.com/theryecatcher/chirper/web/contentd/storage/util.go:65.20,73.19 5 1
github.com/theryecatcher/chirper/web/contentd/storage/util.go:78.94,83.12 3 0
github.com/theryecatcher/chirper/web/contentd/storage/util.go:95.2,95.9 1 0
github.com/theryecatcher/chirper/web/contentd/storage/util.go:83.12,87.14 4 0
github.com/theryecatcher/chirper/web/contentd/storage/util.go:91.3,91.18 1 0
github.com/theryecatcher/chirper/web/contentd/storage/util.go:87.14,90.4 2 0
github.com/theryecatcher/chirper/web/contentd/storage/util.go:96.23,97.18 1 0
github.com/theryecatcher/chirper/web/contentd/storage/util.go:98.21,99.18 1 0
github.com/theryecatcher/chirper/web/contentd/storage/util.go:100.20,101.24 1 0
github.com/theryecatcher/chirper/web/contentd/storage/util.go:108.37,110.2 1 2
github.com/theryecatcher/chirper/web/contentd/storage/util.go:112.47,114.2 1 2140
github.com/theryecatcher/chirper/web/contentd/storage/util.go:116.42,118.2 1 62
github.com/theryecatcher/chirper/web/contentd/storage/util.go:121.105,130.29 7 2
github.com/theryecatcher/chirper/web/contentd/storage/util.go:141.2,141.12 1 2
github.com/theryecatcher/chirper/web/contentd/storage/util.go:163.2,163.9 1 2
github.com/theryecatcher/chirper/web/contentd/storage/util.go:130.29,131.13 1 2
github.com/theryecatcher/chirper/web/contentd/storage/util.go:131.13,133.15 2 2
github.com/theryecatcher/chirper/web/contentd/storage/util.go:137.4,137.22 1 1
github.com/theryecatcher/chirper/web/contentd/storage/util.go:133.15,136.5 2 1
github.com/theryecatcher/chirper/web/contentd/storage/util.go:141.12,143.7 2 2
github.com/theryecatcher/chirper/web/contentd/storage/util.go:158.3,159.9 2 2
github.com/theryecatcher/chirper/web/contentd/storage/util.go:143.7,144.11 1 2
github.com/theryecatcher/chirper/web/contentd/storage/util.go:154.4,154.25 1 2
github.com/theryecatcher/chirper/web/contentd/storage/util.go:145.25,146.31 1 1
github.com/theryecatcher/chirper/web/contentd/storage/util.go:149.5,149.12 1 1
github.com/theryecatcher/chirper/web/contentd/storage/util.go:150.33,152.12 2 1
github.com/theryecatcher/chirper/web/contentd/storage/util.go:146.31,148.6 1 1000
github.com/theryecatcher/chirper/web/contentd/storage/util.go:154.25,155.10 1 2
github.com/theryecatcher/chirper/web/contentd/storage/util.go:164.14,166.21 2 2
github.com/theryecatcher/chirper/web/contentd/storage/util.go:167.21,168.18 1 0
github.com/theryecatcher/chirper/web/contentd/storage/util.go:169.20,170.24 1 0
